<?xml version="1.0" encoding="UTF-8"?>
<!-- Generated by org.testng.reporters.JUnitXMLReporter -->
<testsuite ignored="0" hostname="Sreepriyas-MacBook-Pro.local" failures="0" tests="4" name="MyTests" time="280.012" errors="0" timestamp="2024-11-26T22:23:10 IST">
  <testcase classname="com.dhiway.TestCases.LoginTC" name="LogintoWebsite" time="29.938"/>
  <testcase classname="com.dhiway.TestCases.CreateSpace" name="Spacecreation" time="58.164"/>
  <testcase classname="com.dhiway.TestCases.CreateRecord" name="CreateRecordinSpace" time="61.744"/>
  <testcase classname="com.dhiway.TestCases.Bulkupload" name="BulkRecordinSpace" time="117.045"/>
</testsuite> <!-- MyTests -->
