<?xml version="1.0" encoding="UTF-8"?>
<testng-results ignored="0" total="4" passed="3" failed="1" skipped="0">
  <reporter-output>
  </reporter-output>
  <suite started-at="2024-11-28T17:41:17 IST" name="MySuite" finished-at="2024-11-28T17:45:32 IST" duration-ms="254319">
    <groups>
    </groups>
    <test started-at="2024-11-28T17:41:17 IST" name="MyTests" finished-at="2024-11-28T17:45:32 IST" duration-ms="254319">
      <class name="com.dhiway.TestCases.LoginTC">
        <test-method is-config="true" signature="setUp()[pri:0, instance:com.dhiway.TestCases.LoginTC@2473d930]" started-at="2024-11-28T17:41:17 IST" name="setUp" finished-at="2024-11-28T17:41:21 IST" duration-ms="3887" status="PASS">
          <reporter-output>
          </reporter-output>
        </test-method> <!-- setUp -->
        <test-method signature="LogintoWebsite()[pri:0, instance:com.dhiway.TestCases.LoginTC@2473d930]" started-at="2024-11-28T17:41:21 IST" name="LogintoWebsite" finished-at="2024-11-28T17:41:52 IST" duration-ms="30517" status="PASS">
          <reporter-output>
          </reporter-output>
        </test-method> <!-- LogintoWebsite -->
        <test-method is-config="true" signature="tearDown()[pri:0, instance:com.dhiway.TestCases.LoginTC@2473d930]" started-at="2024-11-28T17:41:52 IST" name="tearDown" finished-at="2024-11-28T17:41:52 IST" duration-ms="536" status="PASS">
          <reporter-output>
          </reporter-output>
        </test-method> <!-- tearDown -->
      </class> <!-- com.dhiway.TestCases.LoginTC -->
      <class name="com.dhiway.TestCases.Bulkupload">
        <test-method is-config="true" signature="setUp()[pri:0, instance:com.dhiway.TestCases.Bulkupload@1725dc0f]" started-at="2024-11-28T17:43:57 IST" name="setUp" finished-at="2024-11-28T17:43:59 IST" duration-ms="2206" status="PASS">
          <reporter-output>
          </reporter-output>
        </test-method> <!-- setUp -->
        <test-method signature="BulkRecordinSpace()[pri:0, instance:com.dhiway.TestCases.Bulkupload@1725dc0f]" started-at="2024-11-28T17:43:59 IST" name="BulkRecordinSpace" finished-at="2024-11-28T17:45:31 IST" duration-ms="91663" status="FAIL">
          <exception class="org.openqa.selenium.TimeoutException">
            <message>
              <![CDATA[Expected condition failed: waiting for visibility of element located by By.xpath: //button[text()='Bulk Record'] (tried for 60 second(s) with 500 milliseconds interval)
Build info: version: '4.26.0', revision: '8ccf0219d7'
System info: os.name: 'Mac OS X', os.arch: 'aarch64', os.version: '15.1.1', java.version: '22.0.2'
Driver info: org.openqa.selenium.firefox.FirefoxDriver
Capabilities {acceptInsecureCerts: true, browserName: firefox, browserVersion: 132.0.2, moz:accessibilityChecks: false, moz:buildID: 20241110231641, moz:debuggerAddress: 127.0.0.1:13080, moz:geckodriverVersion: 0.35.0, moz:headless: false, moz:platformVersion: 24.1.0, moz:processID: 88461, moz:profile: /var/folders/9x/rz1xsdfd6rj..., moz:shutdownTimeout: 60000, moz:webdriverClick: true, moz:windowless: false, pageLoadStrategy: normal, platformName: mac, proxy: Proxy(), se:cdp: ws://127.0.0.1:13080/devtoo..., se:cdpVersion: 85.0, setWindowRect: true, strictFileInteractability: false, timeouts: {implicit: 0, pageLoad: 300000, script: 30000}, unhandledPromptBehavior: dismiss and notify, userAgent: Mozilla/5.0 (Macintosh; Int...}
Session ID: 37358262-e814-43f0-877c-b8323fe460be]]>
            </message>
            <full-stacktrace>
              <![CDATA[org.openqa.selenium.TimeoutException: Expected condition failed: waiting for visibility of element located by By.xpath: //button[text()='Bulk Record'] (tried for 60 second(s) with 500 milliseconds interval)
Build info: version: '4.26.0', revision: '8ccf0219d7'
System info: os.name: 'Mac OS X', os.arch: 'aarch64', os.version: '15.1.1', java.version: '22.0.2'
Driver info: org.openqa.selenium.firefox.FirefoxDriver
Capabilities {acceptInsecureCerts: true, browserName: firefox, browserVersion: 132.0.2, moz:accessibilityChecks: false, moz:buildID: 20241110231641, moz:debuggerAddress: 127.0.0.1:13080, moz:geckodriverVersion: 0.35.0, moz:headless: false, moz:platformVersion: 24.1.0, moz:processID: 88461, moz:profile: /var/folders/9x/rz1xsdfd6rj..., moz:shutdownTimeout: 60000, moz:webdriverClick: true, moz:windowless: false, pageLoadStrategy: normal, platformName: mac, proxy: Proxy(), se:cdp: ws://127.0.0.1:13080/devtoo..., se:cdpVersion: 85.0, setWindowRect: true, strictFileInteractability: false, timeouts: {implicit: 0, pageLoad: 300000, script: 30000}, unhandledPromptBehavior: dismiss and notify, userAgent: Mozilla/5.0 (Macintosh; Int...}
Session ID: 37358262-e814-43f0-877c-b8323fe460be
at org.openqa.selenium.support.ui.WebDriverWait.timeoutException(WebDriverWait.java:84)
at org.openqa.selenium.support.ui.FluentWait.until(FluentWait.java:228)
at com.dhiway.TestCases.Bulkupload.BulkRecordinSpace(Bulkupload.java:90)
at java.base/jdk.internal.reflect.DirectMethodHandleAccessor.invoke(DirectMethodHandleAccessor.java:103)
at java.base/java.lang.reflect.Method.invoke(Method.java:580)
at org.testng.internal.invokers.MethodInvocationHelper.invokeMethod(MethodInvocationHelper.java:141)
at org.testng.internal.invokers.TestInvoker.invokeMethod(TestInvoker.java:686)
at org.testng.internal.invokers.TestInvoker.invokeTestMethod(TestInvoker.java:230)
at org.testng.internal.invokers.MethodRunner.runInSequence(MethodRunner.java:63)
at org.testng.internal.invokers.TestInvoker$MethodInvocationAgent.invoke(TestInvoker.java:992)
at org.testng.internal.invokers.TestInvoker.invokeTestMethods(TestInvoker.java:203)
at org.testng.internal.invokers.TestMethodWorker.invokeTestMethods(TestMethodWorker.java:154)
at org.testng.internal.invokers.TestMethodWorker.run(TestMethodWorker.java:134)
at java.base/java.util.ArrayList.forEach(ArrayList.java:1597)
at org.testng.TestRunner.privateRun(TestRunner.java:739)
at org.testng.TestRunner.run(TestRunner.java:614)
at org.testng.SuiteRunner.runTest(SuiteRunner.java:421)
at org.testng.SuiteRunner.runSequentially(SuiteRunner.java:413)
at org.testng.SuiteRunner.privateRun(SuiteRunner.java:373)
at org.testng.SuiteRunner.run(SuiteRunner.java:312)
at org.testng.SuiteRunnerWorker.runSuite(SuiteRunnerWorker.java:52)
at org.testng.SuiteRunnerWorker.run(SuiteRunnerWorker.java:95)
at org.testng.TestNG.runSuitesSequentially(TestNG.java:1274)
at org.testng.TestNG.runSuitesLocally(TestNG.java:1208)
at org.testng.TestNG.runSuites(TestNG.java:1112)
at org.testng.TestNG.run(TestNG.java:1079)
at org.apache.maven.surefire.testng.TestNGExecutor.run(TestNGExecutor.java:283)
at org.apache.maven.surefire.testng.TestNGXmlTestSuite.execute(TestNGXmlTestSuite.java:75)
at org.apache.maven.surefire.testng.TestNGProvider.invoke(TestNGProvider.java:120)
at org.apache.maven.surefire.booter.ForkedBooter.invokeProviderInSameClassLoader(ForkedBooter.java:384)
at org.apache.maven.surefire.booter.ForkedBooter.runSuitesInProcess(ForkedBooter.java:345)
at org.apache.maven.surefire.booter.ForkedBooter.execute(ForkedBooter.java:126)
at org.apache.maven.surefire.booter.ForkedBooter.main(ForkedBooter.java:418)
]]>
            </full-stacktrace>
          </exception> <!-- org.openqa.selenium.TimeoutException -->
          <reporter-output>
          </reporter-output>
        </test-method> <!-- BulkRecordinSpace -->
        <test-method is-config="true" signature="tearDown()[pri:0, instance:com.dhiway.TestCases.Bulkupload@1725dc0f]" started-at="2024-11-28T17:45:31 IST" name="tearDown" finished-at="2024-11-28T17:45:32 IST" duration-ms="561" status="PASS">
          <reporter-output>
          </reporter-output>
        </test-method> <!-- tearDown -->
      </class> <!-- com.dhiway.TestCases.Bulkupload -->
      <class name="com.dhiway.TestCases.CreateRecord">
        <test-method is-config="true" signature="setUp()[pri:0, instance:com.dhiway.TestCases.CreateRecord@31368b99]" started-at="2024-11-28T17:42:54 IST" name="setUp" finished-at="2024-11-28T17:42:56 IST" duration-ms="2072" status="PASS">
          <reporter-output>
          </reporter-output>
        </test-method> <!-- setUp -->
        <test-method signature="CreateRecordinSpace()[pri:0, instance:com.dhiway.TestCases.CreateRecord@31368b99]" started-at="2024-11-28T17:42:56 IST" name="CreateRecordinSpace" finished-at="2024-11-28T17:43:57 IST" duration-ms="60624" status="PASS">
          <reporter-output>
          </reporter-output>
        </test-method> <!-- CreateRecordinSpace -->
        <test-method is-config="true" signature="tearDown()[pri:0, instance:com.dhiway.TestCases.CreateRecord@31368b99]" started-at="2024-11-28T17:43:57 IST" name="tearDown" finished-at="2024-11-28T17:43:57 IST" duration-ms="629" status="PASS">
          <reporter-output>
          </reporter-output>
        </test-method> <!-- tearDown -->
      </class> <!-- com.dhiway.TestCases.CreateRecord -->
      <class name="com.dhiway.TestCases.CreateSpace">
        <test-method is-config="true" signature="setUp()[pri:0, instance:com.dhiway.TestCases.CreateSpace@50b472aa]" started-at="2024-11-28T17:41:52 IST" name="setUp" finished-at="2024-11-28T17:41:55 IST" duration-ms="2200" status="PASS">
          <reporter-output>
          </reporter-output>
        </test-method> <!-- setUp -->
        <test-method signature="Spacecreation()[pri:0, instance:com.dhiway.TestCases.CreateSpace@50b472aa]" started-at="2024-11-28T17:41:55 IST" name="Spacecreation" finished-at="2024-11-28T17:42:53 IST" duration-ms="58828" status="PASS">
          <reporter-output>
          </reporter-output>
        </test-method> <!-- Spacecreation -->
        <test-method is-config="true" signature="tearDown()[pri:0, instance:com.dhiway.TestCases.CreateSpace@50b472aa]" started-at="2024-11-28T17:42:53 IST" name="tearDown" finished-at="2024-11-28T17:42:54 IST" duration-ms="569" status="PASS">
          <reporter-output>
          </reporter-output>
        </test-method> <!-- tearDown -->
      </class> <!-- com.dhiway.TestCases.CreateSpace -->
    </test> <!-- MyTests -->
  </suite> <!-- MySuite -->
</testng-results>
